-1.6
-encoding
UTF-8
-classpath
/home/jey/.m2/repository/com/google/gwt/gwt-user/2.5.0/gwt-user-2.5.0.jar:/home/jey/.m2/repository/javax/validation/validation-api/1.0.0.GA/validation-api-1.0.0.GA.jar:/home/jey/.m2/repository/javax/validation/validation-api/1.0.0.GA/validation-api-1.0.0.GA-sources.jar:/home/jey/.m2/repository/org/hibernate/hibernate-entitymanager/3.3.2.GA/hibernate-entitymanager-3.3.2.GA.jar:/home/jey/.m2/repository/org/hibernate/hibernate/3.2.5.ga/hibernate-3.2.5.ga.jar:/home/jey/.m2/repository/org/hibernate/ejb3-persistence/1.0.1.GA/ejb3-persistence-1.0.1.GA.jar:/home/jey/.m2/repository/org/springframework/spring-core/3.1.2.RELEASE/spring-core-3.1.2.RELEASE.jar:/home/jey/.m2/repository/org/springframework/spring-context/3.1.2.RELEASE/spring-context-3.1.2.RELEASE.jar:/home/jey/.m2/repository/org/springframework/spring-orm/3.1.2.RELEASE/spring-orm-3.1.2.RELEASE.jar:/home/jey/.m2/repository/org/springframework/spring-web/3.1.2.RELEASE/spring-web-3.1.2.RELEASE.jar:/home/jey/.m2/repository/org/springframework/spring-webmvc/3.1.2.RELEASE/spring-webmvc-3.1.2.RELEASE.jar:/home/jey/.m2/repository/org/springframework/security/spring-security-web/3.1.2.RELEASE/spring-security-web-3.1.2.RELEASE.jar:/home/jey/.m2/repository/org/springframework/security/spring-security-config/3.1.2.RELEASE/spring-security-config-3.1.2.RELEASE.jar:/home/jey/.m2/repository/org/springframework/spring-aspects/3.1.2.RELEASE/spring-aspects-3.1.2.RELEASE.jar:/home/jey/.m2/repository/mysql/mysql-connector-java/5.1.22/mysql-connector-java-5.1.22.jar:/home/jey/.m2/repository/commons-dbcp/commons-dbcp/1.4/commons-dbcp-1.4.jar:/home/jey/.m2/repository/javax/sql/jdbc-stdext/2.0/jdbc-stdext-2.0.jar:/home/jey/.m2/repository/javax/transaction/jta/1.0.1B/jta-1.0.1B.jar:/home/jey/.m2/repository/org/aspectj/aspectjrt/1.6.11/aspectjrt-1.6.11.jar:/home/jey/.m2/repository/log4j/log4j/1.2.16/log4j-1.2.16.jar:/home/jey/.m2/repository/org/slf4j/slf4j-log4j12/1.6.1/slf4j-log4j12-1.6.1.jar:/home/jey/.m2/repository/org/json/json/20090211/json-20090211.jar:/home/jey/.m2/repository/org/hibernate/hibernate-annotations/3.3.1.GA/hibernate-annotations-3.3.1.GA.jar:/home/jey/.m2/repository/org/hibernate/hibernate-commons-annotations/3.0.0.ga/hibernate-commons-annotations-3.0.0.ga.jar:/home/jey/.m2/repository/commons-logging/commons-logging/1.0.4/commons-logging-1.0.4.jar:/home/jey/.m2/repository/javassist/javassist/3.4.GA/javassist-3.4.GA.jar:/home/jey/.m2/repository/net/sf/ehcache/ehcache/1.2.3/ehcache-1.2.3.jar:/home/jey/.m2/repository/asm/asm-attrs/1.5.3/asm-attrs-1.5.3.jar:/home/jey/.m2/repository/dom4j/dom4j/1.6.1/dom4j-1.6.1.jar:/home/jey/.m2/repository/antlr/antlr/2.7.6/antlr-2.7.6.jar:/home/jey/.m2/repository/cglib/cglib/2.1_3/cglib-2.1_3.jar:/home/jey/.m2/repository/asm/asm/1.5.3/asm-1.5.3.jar:/home/jey/.m2/repository/commons-collections/commons-collections/2.1.1/commons-collections-2.1.1.jar:/home/jey/.m2/repository/org/springframework/spring-asm/3.1.2.RELEASE/spring-asm-3.1.2.RELEASE.jar:/home/jey/.m2/repository/org/springframework/spring-aop/3.1.2.RELEASE/spring-aop-3.1.2.RELEASE.jar:/home/jey/.m2/repository/org/springframework/spring-beans/3.1.2.RELEASE/spring-beans-3.1.2.RELEASE.jar:/home/jey/.m2/repository/org/springframework/spring-expression/3.1.2.RELEASE/spring-expression-3.1.2.RELEASE.jar:/home/jey/.m2/repository/org/springframework/spring-jdbc/3.1.2.RELEASE/spring-jdbc-3.1.2.RELEASE.jar:/home/jey/.m2/repository/org/springframework/spring-tx/3.1.2.RELEASE/spring-tx-3.1.2.RELEASE.jar:/home/jey/.m2/repository/aopalliance/aopalliance/1.0/aopalliance-1.0.jar:/home/jey/.m2/repository/org/springframework/spring-context-support/3.1.2.RELEASE/spring-context-support-3.1.2.RELEASE.jar:/home/jey/.m2/repository/org/springframework/security/spring-security-core/3.1.2.RELEASE/spring-security-core-3.1.2.RELEASE.jar:/home/jey/.m2/repository/commons-pool/commons-pool/1.5.4/commons-pool-1.5.4.jar:/home/jey/.m2/repository/org/slf4j/slf4j-api/1.6.1/slf4j-api-1.6.1.jar:/home/jey/workspace/game/target/WEB-INF/classes
-aspectpath
/home/jey/.m2/repository/org/springframework/spring-aspects/3.1.2.RELEASE/spring-aspects-3.1.2.RELEASE.jar
-d
/home/jey/workspace/game/target/WEB-INF/classes
/home/jey/workspace/game/src/main/java/cz/sutak/game/server/service/AuthenticationService.java
/home/jey/workspace/game/src/main/java/cz/sutak/game/server/service/AutowiringRemoteServiceServletAndGenericDAO.java
/home/jey/workspace/game/src/main/java/cz/sutak/game/server/service/WarriorServiceImpl.java
/home/jey/workspace/game/src/main/java/cz/sutak/game/server/service/UserServiceImpl.java
/home/jey/workspace/game/src/main/java/cz/sutak/game/server/dao/GenericDao.java
/home/jey/workspace/game/src/main/java/cz/sutak/game/server/dao/GenericHibernateJpaDao.java
/home/jey/workspace/game/src/main/java/cz/sutak/game/client/dto/AbstractDto.java
/home/jey/workspace/game/src/main/java/cz/sutak/game/client/dto/UserDto.java
/home/jey/workspace/game/src/main/java/cz/sutak/game/client/dto/WarriorDto.java
/home/jey/workspace/game/src/main/java/cz/sutak/game/client/service/UserServiceAsync.java
/home/jey/workspace/game/src/main/java/cz/sutak/game/client/service/UserService.java
/home/jey/workspace/game/src/main/java/cz/sutak/game/client/service/WarriorServiceAsync.java
/home/jey/workspace/game/src/main/java/cz/sutak/game/client/service/WarriorService.java
/home/jey/workspace/game/src/main/java/cz/sutak/game/client/Game.java
/home/jey/workspace/game/src/main/java/cz/sutak/game/client/MyCharacters.java
/home/jey/workspace/game/src/main/java/cz/sutak/game/client/Character.java
/home/jey/workspace/game/src/main/java/cz/sutak/game/client/TopPanel.java
/home/jey/workspace/game/src/main/java/cz/sutak/game/client/FightScreen.java
/home/jey/workspace/game/src/main/java/cz/sutak/game/client/ContentCenterPanel.java
/home/jey/workspace/game/src/main/java/cz/sutak/game/client/Resources.java
/home/jey/workspace/game/src/main/java/cz/sutak/game/client/CenterPanel.java
/home/jey/workspace/game/src/main/java/cz/sutak/game/client/provider/HashProvider.java
/home/jey/workspace/game/src/main/java/cz/sutak/game/client/provider/SHA1Provider.java
/home/jey/workspace/game/src/main/java/cz/sutak/game/client/Menu.java
/home/jey/workspace/game/src/main/java/cz/sutak/game/client/AtributesCount.java
/home/jey/workspace/game/src/main/java/cz/sutak/game/client/bo/User.java
/home/jey/workspace/game/src/main/java/cz/sutak/game/client/bo/AbstractBussinessObject.java
/home/jey/workspace/game/src/main/java/cz/sutak/game/client/bo/Warrior.java
